2025-03-28 13:39:01,913 DEBUG    root            Loaded Command Group: ['gcloud', 'components']
2025-03-28 13:39:01,915 DEBUG    root            Loaded Command Group: ['gcloud', 'components', 'update']
2025-03-28 13:39:01,917 DEBUG    root            Running [gcloud.components.update] with arguments: [--quiet: "True", COMPONENT-IDS:8: "['gcloud', 'core', 'bq', 'gsutil', 'compute', 'preview', 'alpha', 'beta']"]
2025-03-28 13:39:01,918 INFO     ___FILE_ONLY___ Beginning update. This process may take several minutes.

2025-03-28 13:39:01,929 DEBUG    urllib3.connectionpool Starting new HTTPS connection (1): dl.google.com:443
2025-03-28 13:39:01,947 DEBUG    urllib3.connectionpool https://dl.google.com:443 "GET /dl/cloudsdk/channels/rapid/components-2.json HTTP/11" 200 226139
2025-03-28 13:39:01,960 WARNING  root            Component [compute] no longer exists.
2025-03-28 13:39:01,961 INFO     ___FILE_ONLY___ 

2025-03-28 13:39:01,962 INFO     ___FILE_ONLY___ 
Your current Google Cloud CLI version is: 516.0.0

2025-03-28 13:39:01,962 INFO     ___FILE_ONLY___ Installing components from version: 516.0.0

2025-03-28 13:39:01,962 INFO     ___FILE_ONLY___ 

2025-03-28 13:39:01,962 DEBUG    root            Chosen display Format:table[box,title="These components will be removed."](details.display_name:label=Name:align=left,version.version_string:label=Version:align=right,data.size.size(zero="",min=1048576):label=Size:align=right)
2025-03-28 13:39:01,963 DEBUG    root            Chosen display Format:table[box,title="These components will be updated."](details.display_name:label=Name:align=left,version.version_string:label=Version:align=right,data.size.size(zero="",min=1048576):label=Size:align=right)
2025-03-28 13:39:01,963 DEBUG    root            Chosen display Format:table[box,title="These components will be installed."](details.display_name:label=Name:align=left,version.version_string:label=Version:align=right,data.size.size(zero="",min=1048576):label=Size:align=right)
2025-03-28 13:39:01,979 INFO     ___FILE_ONLY___ ┌────────────────────────────────────────────────┐
2025-03-28 13:39:01,980 INFO     ___FILE_ONLY___ 

2025-03-28 13:39:01,980 INFO     ___FILE_ONLY___ │      These components will be installed.       │
2025-03-28 13:39:01,980 INFO     ___FILE_ONLY___ 

2025-03-28 13:39:01,980 INFO     ___FILE_ONLY___ ├─────────────────────────┬────────────┬─────────┤
2025-03-28 13:39:01,980 INFO     ___FILE_ONLY___ 

2025-03-28 13:39:01,980 INFO     ___FILE_ONLY___ │           Name          │  Version   │   Size  │
2025-03-28 13:39:01,980 INFO     ___FILE_ONLY___ 

2025-03-28 13:39:01,980 INFO     ___FILE_ONLY___ ├─────────────────────────┼────────────┼─────────┤
2025-03-28 13:39:01,980 INFO     ___FILE_ONLY___ 

2025-03-28 13:39:01,980 INFO     ___FILE_ONLY___ │ 
2025-03-28 13:39:01,980 INFO     ___FILE_ONLY___ gcloud Alpha Commands  
2025-03-28 13:39:01,980 INFO     ___FILE_ONLY___  
2025-03-28 13:39:01,980 INFO     ___FILE_ONLY___ │ 
2025-03-28 13:39:01,980 INFO     ___FILE_ONLY___ 2025.03.24
2025-03-28 13:39:01,980 INFO     ___FILE_ONLY___  
2025-03-28 13:39:01,980 INFO     ___FILE_ONLY___ │ 
2025-03-28 13:39:01,981 INFO     ___FILE_ONLY___ < 1 MiB
2025-03-28 13:39:01,981 INFO     ___FILE_ONLY___  
2025-03-28 13:39:01,981 INFO     ___FILE_ONLY___ │
2025-03-28 13:39:01,981 INFO     ___FILE_ONLY___ 

2025-03-28 13:39:01,981 INFO     ___FILE_ONLY___ │ 
2025-03-28 13:39:01,981 INFO     ___FILE_ONLY___ gcloud Beta Commands   
2025-03-28 13:39:01,981 INFO     ___FILE_ONLY___  
2025-03-28 13:39:01,981 INFO     ___FILE_ONLY___ │ 
2025-03-28 13:39:01,981 INFO     ___FILE_ONLY___ 2025.03.24
2025-03-28 13:39:01,981 INFO     ___FILE_ONLY___  
2025-03-28 13:39:01,981 INFO     ___FILE_ONLY___ │ 
2025-03-28 13:39:01,981 INFO     ___FILE_ONLY___ < 1 MiB
2025-03-28 13:39:01,981 INFO     ___FILE_ONLY___  
2025-03-28 13:39:01,981 INFO     ___FILE_ONLY___ │
2025-03-28 13:39:01,981 INFO     ___FILE_ONLY___ 

2025-03-28 13:39:01,981 INFO     ___FILE_ONLY___ │ 
2025-03-28 13:39:01,981 INFO     ___FILE_ONLY___ gcloud Preview Commands
2025-03-28 13:39:01,981 INFO     ___FILE_ONLY___  
2025-03-28 13:39:01,981 INFO     ___FILE_ONLY___ │ 
2025-03-28 13:39:01,981 INFO     ___FILE_ONLY___           
2025-03-28 13:39:01,982 INFO     ___FILE_ONLY___  
2025-03-28 13:39:01,982 INFO     ___FILE_ONLY___ │ 
2025-03-28 13:39:01,982 INFO     ___FILE_ONLY___ < 1 MiB
2025-03-28 13:39:01,982 INFO     ___FILE_ONLY___  
2025-03-28 13:39:01,982 INFO     ___FILE_ONLY___ │
2025-03-28 13:39:01,982 INFO     ___FILE_ONLY___ 

2025-03-28 13:39:01,982 INFO     ___FILE_ONLY___ └─────────────────────────┴────────────┴─────────┘
2025-03-28 13:39:01,982 INFO     ___FILE_ONLY___ 

2025-03-28 13:39:01,982 INFO     ___FILE_ONLY___ 

2025-03-28 13:39:01,986 DEBUG    urllib3.connectionpool Starting new HTTPS connection (1): dl.google.com:443
2025-03-28 13:39:01,999 DEBUG    urllib3.connectionpool https://dl.google.com:443 "GET /dl/cloudsdk/channels/rapid/RELEASE_NOTES HTTP/11" 200 1386555
2025-03-28 13:39:02,456 INFO     ___FILE_ONLY___ For the latest full release notes, please visit:
  https://cloud.google.com/sdk/release_notes


2025-03-28 13:39:02,456 INFO     ___FILE_ONLY___ Performing in place update...


2025-03-28 13:39:02,459 INFO     ___FILE_ONLY___ ╔════════════════════════════════════════════════════════════╗

2025-03-28 13:39:02,459 INFO     ___FILE_ONLY___ ╠═ Downloading: gcloud Alpha Commands                       ═╣

2025-03-28 13:39:02,459 INFO     ___FILE_ONLY___ ╚
2025-03-28 13:39:02,462 DEBUG    urllib3.connectionpool Starting new HTTPS connection (1): dl.google.com:443
2025-03-28 13:39:02,503 DEBUG    urllib3.connectionpool https://dl.google.com:443 "GET /dl/cloudsdk/channels/rapid/components/google-cloud-sdk-alpha-20250324162232.tar.gz HTTP/11" 200 800
2025-03-28 13:39:02,504 INFO     ___FILE_ONLY___ ════════════════════════════════════════════════════════════
2025-03-28 13:39:02,504 INFO     ___FILE_ONLY___ ╝

2025-03-28 13:39:02,506 INFO     ___FILE_ONLY___ ╔════════════════════════════════════════════════════════════╗

2025-03-28 13:39:02,506 INFO     ___FILE_ONLY___ ╠═ Downloading: gcloud Beta Commands                        ═╣

2025-03-28 13:39:02,506 INFO     ___FILE_ONLY___ ╚
2025-03-28 13:39:02,510 DEBUG    urllib3.connectionpool Starting new HTTPS connection (1): dl.google.com:443
2025-03-28 13:39:02,528 DEBUG    urllib3.connectionpool https://dl.google.com:443 "GET /dl/cloudsdk/channels/rapid/components/google-cloud-sdk-beta-20250324162232.tar.gz HTTP/11" 200 797
2025-03-28 13:39:02,528 INFO     ___FILE_ONLY___ ════════════════════════════════════════════════════════════
2025-03-28 13:39:02,528 INFO     ___FILE_ONLY___ ╝

2025-03-28 13:39:02,530 INFO     ___FILE_ONLY___ ╔════════════════════════════════════════════════════════════╗

2025-03-28 13:39:02,531 INFO     ___FILE_ONLY___ ╠═ Downloading: gcloud Preview Commands                     ═╣

2025-03-28 13:39:02,531 INFO     ___FILE_ONLY___ ╚
2025-03-28 13:39:02,534 DEBUG    urllib3.connectionpool Starting new HTTPS connection (1): dl.google.com:443
2025-03-28 13:39:02,578 DEBUG    urllib3.connectionpool https://dl.google.com:443 "GET /dl/cloudsdk/channels/rapid/components/google-cloud-sdk-preview-20241115154308.tar.gz HTTP/11" 200 823
2025-03-28 13:39:02,579 INFO     ___FILE_ONLY___ ════════════════════════════════════════════════════════════
2025-03-28 13:39:02,579 INFO     ___FILE_ONLY___ ╝

2025-03-28 13:39:02,581 INFO     ___FILE_ONLY___ ╔════════════════════════════════════════════════════════════╗

2025-03-28 13:39:02,582 INFO     ___FILE_ONLY___ ╠═ Installing: gcloud Alpha Commands                        ═╣

2025-03-28 13:39:02,582 INFO     ___FILE_ONLY___ ╚
2025-03-28 13:39:02,583 INFO     ___FILE_ONLY___ ════════════════════════════════════════════════════════════
2025-03-28 13:39:02,583 INFO     ___FILE_ONLY___ ╝

2025-03-28 13:39:02,588 INFO     ___FILE_ONLY___ ╔════════════════════════════════════════════════════════════╗

2025-03-28 13:39:02,588 INFO     ___FILE_ONLY___ ╠═ Installing: gcloud Beta Commands                         ═╣

2025-03-28 13:39:02,588 INFO     ___FILE_ONLY___ ╚
2025-03-28 13:39:02,589 INFO     ___FILE_ONLY___ ════════════════════════════════════════════════════════════
2025-03-28 13:39:02,589 INFO     ___FILE_ONLY___ ╝

2025-03-28 13:39:02,595 INFO     ___FILE_ONLY___ ╔════════════════════════════════════════════════════════════╗

2025-03-28 13:39:02,595 INFO     ___FILE_ONLY___ ╠═ Installing: gcloud Preview Commands                      ═╣

2025-03-28 13:39:02,595 INFO     ___FILE_ONLY___ ╚
2025-03-28 13:39:02,595 INFO     ___FILE_ONLY___ ════════════════════════════════════════════════════════════
2025-03-28 13:39:02,596 INFO     ___FILE_ONLY___ ╝

2025-03-28 13:39:02,600 DEBUG    root            Updating notification cache...
2025-03-28 13:39:02,601 INFO     ___FILE_ONLY___ 

2025-03-28 13:39:02,603 INFO     ___FILE_ONLY___ Performing post processing steps...
2025-03-28 13:39:02,603 DEBUG    root            Executing command: ['/tools/google-cloud-sdk/bin/gcloud', 'components', 'post-process']
2025-03-28 13:39:11,102 DEBUG    ___FILE_ONLY___ 
2025-03-28 13:39:11,102 DEBUG    ___FILE_ONLY___ 
2025-03-28 13:39:11,138 INFO     root            descriptor_list: [{'universeDomain': 'googleapis.com', 'universeShortName': '', 'authenticationDomain': 'auth.cloud.google.com', 'projectPrefix': '', 'cloudWebDomain': 'cloud.google.com', 'documentationDomain': 'cloud.google.com', 'version': '1.0.0', 'state': 'primary', 'artifactRegistryDomain': 'pkg.dev'}]
2025-03-28 13:39:11,138 INFO     ___FILE_ONLY___ 
Update done!


2025-03-28 13:39:11,141 DEBUG    root            Chosen display Format:none
2025-03-28 13:39:11,141 INFO     root            Display format: "none"
