2025-03-28 13:38:43,746 DEBUG    root            Loaded Command Group: ['gcloud', 'components']
2025-03-28 13:38:43,751 DEBUG    root            Loaded Command Group: ['gcloud', 'components', 'update']
2025-03-28 13:38:43,753 DEBUG    root            Running [gcloud.components.update] with arguments: [--compile-python: "True", --quiet: "True", COMPONENT-IDS:6: "['core', 'gcloud-deps', 'bq', 'gcloud', 'gcloud-crc32c', 'gsutil']"]
2025-03-28 13:38:43,754 INFO     ___FILE_ONLY___ Beginning update. This process may take several minutes.

2025-03-28 13:38:43,791 DEBUG    urllib3.connectionpool Starting new HTTPS connection (1): dl.google.com:443
2025-03-28 13:38:43,802 DEBUG    urllib3.connectionpool https://dl.google.com:443 "GET /dl/cloudsdk/channels/rapid/components-2.json HTTP/11" 200 226139
2025-03-28 13:38:43,814 INFO     ___FILE_ONLY___ 

2025-03-28 13:38:43,814 INFO     ___FILE_ONLY___ 
Your current Google Cloud CLI version is: 516.0.0

2025-03-28 13:38:43,814 INFO     ___FILE_ONLY___ Installing components from version: 516.0.0

2025-03-28 13:38:43,815 INFO     ___FILE_ONLY___ 

2025-03-28 13:38:43,815 DEBUG    root            Chosen display Format:table[box,title="These components will be removed."](details.display_name:label=Name:align=left,version.version_string:label=Version:align=right,data.size.size(zero="",min=1048576):label=Size:align=right)
2025-03-28 13:38:43,815 DEBUG    root            Chosen display Format:table[box,title="These components will be updated."](details.display_name:label=Name:align=left,version.version_string:label=Version:align=right,data.size.size(zero="",min=1048576):label=Size:align=right)
2025-03-28 13:38:43,816 DEBUG    root            Chosen display Format:table[box,title="These components will be installed."](details.display_name:label=Name:align=left,version.version_string:label=Version:align=right,data.size.size(zero="",min=1048576):label=Size:align=right)
2025-03-28 13:38:43,854 INFO     ___FILE_ONLY___ ┌─────────────────────────────────────────────────────────────────────────────┐
2025-03-28 13:38:43,854 INFO     ___FILE_ONLY___ 

2025-03-28 13:38:43,854 INFO     ___FILE_ONLY___ │                     These components will be installed.                     │
2025-03-28 13:38:43,854 INFO     ___FILE_ONLY___ 

2025-03-28 13:38:43,854 INFO     ___FILE_ONLY___ ├─────────────────────────────────────────────────────┬────────────┬──────────┤
2025-03-28 13:38:43,854 INFO     ___FILE_ONLY___ 

2025-03-28 13:38:43,854 INFO     ___FILE_ONLY___ │                         Name                        │  Version   │   Size   │
2025-03-28 13:38:43,854 INFO     ___FILE_ONLY___ 

2025-03-28 13:38:43,854 INFO     ___FILE_ONLY___ ├─────────────────────────────────────────────────────┼────────────┼──────────┤
2025-03-28 13:38:43,854 INFO     ___FILE_ONLY___ 

2025-03-28 13:38:43,854 INFO     ___FILE_ONLY___ │ 
2025-03-28 13:38:43,854 INFO     ___FILE_ONLY___ BigQuery Command Line Tool                         
2025-03-28 13:38:43,854 INFO     ___FILE_ONLY___  
2025-03-28 13:38:43,855 INFO     ___FILE_ONLY___ │ 
2025-03-28 13:38:43,855 INFO     ___FILE_ONLY___     2.1.14
2025-03-28 13:38:43,855 INFO     ___FILE_ONLY___  
2025-03-28 13:38:43,855 INFO     ___FILE_ONLY___ │ 
2025-03-28 13:38:43,855 INFO     ___FILE_ONLY___  1.8 MiB
2025-03-28 13:38:43,855 INFO     ___FILE_ONLY___  
2025-03-28 13:38:43,855 INFO     ___FILE_ONLY___ │
2025-03-28 13:38:43,855 INFO     ___FILE_ONLY___ 

2025-03-28 13:38:43,855 INFO     ___FILE_ONLY___ │ 
2025-03-28 13:38:43,855 INFO     ___FILE_ONLY___ BigQuery Command Line Tool (Platform Specific)     
2025-03-28 13:38:43,855 INFO     ___FILE_ONLY___  
2025-03-28 13:38:43,855 INFO     ___FILE_ONLY___ │ 
2025-03-28 13:38:43,855 INFO     ___FILE_ONLY___      2.1.8
2025-03-28 13:38:43,855 INFO     ___FILE_ONLY___  
2025-03-28 13:38:43,855 INFO     ___FILE_ONLY___ │ 
2025-03-28 13:38:43,855 INFO     ___FILE_ONLY___  < 1 MiB
2025-03-28 13:38:43,855 INFO     ___FILE_ONLY___  
2025-03-28 13:38:43,855 INFO     ___FILE_ONLY___ │
2025-03-28 13:38:43,855 INFO     ___FILE_ONLY___ 

2025-03-28 13:38:43,855 INFO     ___FILE_ONLY___ │ 
2025-03-28 13:38:43,855 INFO     ___FILE_ONLY___ Bundled Python 3.12 (Platform Specific)            
2025-03-28 13:38:43,856 INFO     ___FILE_ONLY___  
2025-03-28 13:38:43,856 INFO     ___FILE_ONLY___ │ 
2025-03-28 13:38:43,856 INFO     ___FILE_ONLY___     3.12.8
2025-03-28 13:38:43,856 INFO     ___FILE_ONLY___  
2025-03-28 13:38:43,856 INFO     ___FILE_ONLY___ │ 
2025-03-28 13:38:43,856 INFO     ___FILE_ONLY___ 89.2 MiB
2025-03-28 13:38:43,856 INFO     ___FILE_ONLY___  
2025-03-28 13:38:43,856 INFO     ___FILE_ONLY___ │
2025-03-28 13:38:43,856 INFO     ___FILE_ONLY___ 

2025-03-28 13:38:43,856 INFO     ___FILE_ONLY___ │ 
2025-03-28 13:38:43,856 INFO     ___FILE_ONLY___ Cloud Storage Command Line Tool                    
2025-03-28 13:38:43,856 INFO     ___FILE_ONLY___  
2025-03-28 13:38:43,856 INFO     ___FILE_ONLY___ │ 
2025-03-28 13:38:43,856 INFO     ___FILE_ONLY___       5.33
2025-03-28 13:38:43,856 INFO     ___FILE_ONLY___  
2025-03-28 13:38:43,856 INFO     ___FILE_ONLY___ │ 
2025-03-28 13:38:43,856 INFO     ___FILE_ONLY___ 11.8 MiB
2025-03-28 13:38:43,856 INFO     ___FILE_ONLY___  
2025-03-28 13:38:43,856 INFO     ___FILE_ONLY___ │
2025-03-28 13:38:43,856 INFO     ___FILE_ONLY___ 

2025-03-28 13:38:43,856 INFO     ___FILE_ONLY___ │ 
2025-03-28 13:38:43,856 INFO     ___FILE_ONLY___ Cloud Storage Command Line Tool (Platform Specific)
2025-03-28 13:38:43,857 INFO     ___FILE_ONLY___  
2025-03-28 13:38:43,857 INFO     ___FILE_ONLY___ │ 
2025-03-28 13:38:43,857 INFO     ___FILE_ONLY___       5.30
2025-03-28 13:38:43,857 INFO     ___FILE_ONLY___  
2025-03-28 13:38:43,857 INFO     ___FILE_ONLY___ │ 
2025-03-28 13:38:43,857 INFO     ___FILE_ONLY___  < 1 MiB
2025-03-28 13:38:43,857 INFO     ___FILE_ONLY___  
2025-03-28 13:38:43,857 INFO     ___FILE_ONLY___ │
2025-03-28 13:38:43,857 INFO     ___FILE_ONLY___ 

2025-03-28 13:38:43,857 INFO     ___FILE_ONLY___ │ 
2025-03-28 13:38:43,857 INFO     ___FILE_ONLY___ Google Cloud CLI Core Libraries (Platform Specific)
2025-03-28 13:38:43,857 INFO     ___FILE_ONLY___  
2025-03-28 13:38:43,857 INFO     ___FILE_ONLY___ │ 
2025-03-28 13:38:43,857 INFO     ___FILE_ONLY___ 2024.08.30
2025-03-28 13:38:43,857 INFO     ___FILE_ONLY___  
2025-03-28 13:38:43,857 INFO     ___FILE_ONLY___ │ 
2025-03-28 13:38:43,857 INFO     ___FILE_ONLY___  < 1 MiB
2025-03-28 13:38:43,857 INFO     ___FILE_ONLY___  
2025-03-28 13:38:43,857 INFO     ___FILE_ONLY___ │
2025-03-28 13:38:43,857 INFO     ___FILE_ONLY___ 

2025-03-28 13:38:43,858 INFO     ___FILE_ONLY___ │ 
2025-03-28 13:38:43,858 INFO     ___FILE_ONLY___ Google Cloud CRC32C Hash Tool (Platform Specific)  
2025-03-28 13:38:43,858 INFO     ___FILE_ONLY___  
2025-03-28 13:38:43,858 INFO     ___FILE_ONLY___ │ 
2025-03-28 13:38:43,858 INFO     ___FILE_ONLY___      1.0.0
2025-03-28 13:38:43,858 INFO     ___FILE_ONLY___  
2025-03-28 13:38:43,858 INFO     ___FILE_ONLY___ │ 
2025-03-28 13:38:43,858 INFO     ___FILE_ONLY___  1.4 MiB
2025-03-28 13:38:43,858 INFO     ___FILE_ONLY___  
2025-03-28 13:38:43,858 INFO     ___FILE_ONLY___ │
2025-03-28 13:38:43,858 INFO     ___FILE_ONLY___ 

2025-03-28 13:38:43,858 INFO     ___FILE_ONLY___ │ 
2025-03-28 13:38:43,858 INFO     ___FILE_ONLY___ gcloud cli dependencies (Platform Specific)        
2025-03-28 13:38:43,858 INFO     ___FILE_ONLY___  
2025-03-28 13:38:43,858 INFO     ___FILE_ONLY___ │ 
2025-03-28 13:38:43,858 INFO     ___FILE_ONLY___ 2021.04.16
2025-03-28 13:38:43,858 INFO     ___FILE_ONLY___  
2025-03-28 13:38:43,858 INFO     ___FILE_ONLY___ │ 
2025-03-28 13:38:43,858 INFO     ___FILE_ONLY___  < 1 MiB
2025-03-28 13:38:43,858 INFO     ___FILE_ONLY___  
2025-03-28 13:38:43,858 INFO     ___FILE_ONLY___ │
2025-03-28 13:38:43,859 INFO     ___FILE_ONLY___ 

2025-03-28 13:38:43,859 INFO     ___FILE_ONLY___ └─────────────────────────────────────────────────────┴────────────┴──────────┘
2025-03-28 13:38:43,859 INFO     ___FILE_ONLY___ 

2025-03-28 13:38:43,859 INFO     ___FILE_ONLY___ 

2025-03-28 13:38:43,862 DEBUG    urllib3.connectionpool Starting new HTTPS connection (1): dl.google.com:443
2025-03-28 13:38:43,880 DEBUG    urllib3.connectionpool https://dl.google.com:443 "GET /dl/cloudsdk/channels/rapid/RELEASE_NOTES HTTP/11" 200 1386555
2025-03-28 13:38:44,350 INFO     ___FILE_ONLY___ For the latest full release notes, please visit:
  https://cloud.google.com/sdk/release_notes


2025-03-28 13:38:44,351 INFO     ___FILE_ONLY___ Performing in place update...


2025-03-28 13:38:44,353 INFO     ___FILE_ONLY___ ╔════════════════════════════════════════════════════════════╗

2025-03-28 13:38:44,353 INFO     ___FILE_ONLY___ ╠═ Downloading: BigQuery Command Line Tool                  ═╣

2025-03-28 13:38:44,354 INFO     ___FILE_ONLY___ ╚
2025-03-28 13:38:44,357 DEBUG    urllib3.connectionpool Starting new HTTPS connection (1): dl.google.com:443
2025-03-28 13:38:44,376 DEBUG    urllib3.connectionpool https://dl.google.com:443 "GET /dl/cloudsdk/channels/rapid/components/google-cloud-sdk-bq-20250228155416.tar.gz HTTP/11" 200 1845321
2025-03-28 13:38:44,390 INFO     ___FILE_ONLY___ ═
2025-03-28 13:38:44,390 INFO     ___FILE_ONLY___ ═
2025-03-28 13:38:44,390 INFO     ___FILE_ONLY___ ═
2025-03-28 13:38:44,390 INFO     ___FILE_ONLY___ ═
2025-03-28 13:38:44,390 INFO     ___FILE_ONLY___ ═
2025-03-28 13:38:44,390 INFO     ___FILE_ONLY___ ═
2025-03-28 13:38:44,391 INFO     ___FILE_ONLY___ ═
2025-03-28 13:38:44,391 INFO     ___FILE_ONLY___ ═
2025-03-28 13:38:44,391 INFO     ___FILE_ONLY___ ═
2025-03-28 13:38:44,391 INFO     ___FILE_ONLY___ ═
2025-03-28 13:38:44,391 INFO     ___FILE_ONLY___ ═
2025-03-28 13:38:44,391 INFO     ___FILE_ONLY___ ═
2025-03-28 13:38:44,391 INFO     ___FILE_ONLY___ ═
2025-03-28 13:38:44,391 INFO     ___FILE_ONLY___ ═
2025-03-28 13:38:44,391 INFO     ___FILE_ONLY___ ═
2025-03-28 13:38:44,391 INFO     ___FILE_ONLY___ ═
2025-03-28 13:38:44,391 INFO     ___FILE_ONLY___ ═
2025-03-28 13:38:44,392 INFO     ___FILE_ONLY___ ═
2025-03-28 13:38:44,392 INFO     ___FILE_ONLY___ ═
2025-03-28 13:38:44,392 INFO     ___FILE_ONLY___ ═
2025-03-28 13:38:44,392 INFO     ___FILE_ONLY___ ═
2025-03-28 13:38:44,392 INFO     ___FILE_ONLY___ ═
2025-03-28 13:38:44,392 INFO     ___FILE_ONLY___ ═
2025-03-28 13:38:44,392 INFO     ___FILE_ONLY___ ═
2025-03-28 13:38:44,392 INFO     ___FILE_ONLY___ ═
2025-03-28 13:38:44,392 INFO     ___FILE_ONLY___ ═
2025-03-28 13:38:44,392 INFO     ___FILE_ONLY___ ═
2025-03-28 13:38:44,393 INFO     ___FILE_ONLY___ ═
2025-03-28 13:38:44,393 INFO     ___FILE_ONLY___ ═
2025-03-28 13:38:44,393 INFO     ___FILE_ONLY___ ═
2025-03-28 13:38:44,393 INFO     ___FILE_ONLY___ ═
2025-03-28 13:38:44,393 INFO     ___FILE_ONLY___ ═
2025-03-28 13:38:44,393 INFO     ___FILE_ONLY___ ═
2025-03-28 13:38:44,393 INFO     ___FILE_ONLY___ ═
2025-03-28 13:38:44,393 INFO     ___FILE_ONLY___ ═
2025-03-28 13:38:44,393 INFO     ___FILE_ONLY___ ═
2025-03-28 13:38:44,393 INFO     ___FILE_ONLY___ ═
2025-03-28 13:38:44,393 INFO     ___FILE_ONLY___ ═
2025-03-28 13:38:44,394 INFO     ___FILE_ONLY___ ═
2025-03-28 13:38:44,394 INFO     ___FILE_ONLY___ ═
2025-03-28 13:38:44,394 INFO     ___FILE_ONLY___ ═
2025-03-28 13:38:44,394 INFO     ___FILE_ONLY___ ═
2025-03-28 13:38:44,394 INFO     ___FILE_ONLY___ ═
2025-03-28 13:38:44,394 INFO     ___FILE_ONLY___ ═
2025-03-28 13:38:44,394 INFO     ___FILE_ONLY___ ═
2025-03-28 13:38:44,394 INFO     ___FILE_ONLY___ ═
2025-03-28 13:38:44,394 INFO     ___FILE_ONLY___ ═
2025-03-28 13:38:44,394 INFO     ___FILE_ONLY___ ═
2025-03-28 13:38:44,394 INFO     ___FILE_ONLY___ ═
2025-03-28 13:38:44,395 INFO     ___FILE_ONLY___ ═
2025-03-28 13:38:44,395 INFO     ___FILE_ONLY___ ═
2025-03-28 13:38:44,395 INFO     ___FILE_ONLY___ ═
2025-03-28 13:38:44,395 INFO     ___FILE_ONLY___ ═
2025-03-28 13:38:44,395 INFO     ___FILE_ONLY___ ═
2025-03-28 13:38:44,395 INFO     ___FILE_ONLY___ ═
2025-03-28 13:38:44,395 INFO     ___FILE_ONLY___ ═
2025-03-28 13:38:44,395 INFO     ___FILE_ONLY___ ═
2025-03-28 13:38:44,395 INFO     ___FILE_ONLY___ ═
2025-03-28 13:38:44,395 INFO     ___FILE_ONLY___ ═
2025-03-28 13:38:44,395 INFO     ___FILE_ONLY___ ═
2025-03-28 13:38:44,396 INFO     ___FILE_ONLY___ ╝

2025-03-28 13:38:44,398 INFO     ___FILE_ONLY___ ╔════════════════════════════════════════════════════════════╗

2025-03-28 13:38:44,398 INFO     ___FILE_ONLY___ ╠═ Downloading: BigQuery Command Line Tool (Platform Spe... ═╣

2025-03-28 13:38:44,398 INFO     ___FILE_ONLY___ ╚
2025-03-28 13:38:44,403 DEBUG    urllib3.connectionpool Starting new HTTPS connection (1): dl.google.com:443
2025-03-28 13:38:44,416 DEBUG    urllib3.connectionpool https://dl.google.com:443 "GET /dl/cloudsdk/channels/rapid/components/google-cloud-sdk-bq-nix-20240830134514.tar.gz HTTP/11" 200 1914
2025-03-28 13:38:44,416 INFO     ___FILE_ONLY___ ════════════════════════════════════════════════════════════
2025-03-28 13:38:44,416 INFO     ___FILE_ONLY___ ╝

2025-03-28 13:38:44,419 INFO     ___FILE_ONLY___ ╔════════════════════════════════════════════════════════════╗

2025-03-28 13:38:44,419 INFO     ___FILE_ONLY___ ╠═ Downloading: Bundled Python 3.12                         ═╣

2025-03-28 13:38:44,419 INFO     ___FILE_ONLY___ ╚
2025-03-28 13:38:44,419 INFO     ___FILE_ONLY___ ════════════════════════════════════════════════════════════
2025-03-28 13:38:44,419 INFO     ___FILE_ONLY___ ╝

2025-03-28 13:38:44,421 INFO     ___FILE_ONLY___ ╔════════════════════════════════════════════════════════════╗

2025-03-28 13:38:44,421 INFO     ___FILE_ONLY___ ╠═ Downloading: Bundled Python 3.12 (Platform Specific)     ═╣

2025-03-28 13:38:44,421 INFO     ___FILE_ONLY___ ╚
2025-03-28 13:38:44,424 DEBUG    urllib3.connectionpool Starting new HTTPS connection (1): dl.google.com:443
2025-03-28 13:38:44,439 DEBUG    urllib3.connectionpool https://dl.google.com:443 "GET /dl/cloudsdk/channels/rapid/components/google-cloud-sdk-bundled-python3-unix-linux-x86_64-20250131143518.tar.gz HTTP/11" 200 93520256
2025-03-28 13:38:44,802 INFO     ___FILE_ONLY___ ═
2025-03-28 13:38:44,804 INFO     ___FILE_ONLY___ ═
2025-03-28 13:38:44,806 INFO     ___FILE_ONLY___ ═
2025-03-28 13:38:44,808 INFO     ___FILE_ONLY___ ═
2025-03-28 13:38:44,810 INFO     ___FILE_ONLY___ ═
2025-03-28 13:38:44,812 INFO     ___FILE_ONLY___ ═
2025-03-28 13:38:44,814 INFO     ___FILE_ONLY___ ═
2025-03-28 13:38:44,816 INFO     ___FILE_ONLY___ ═
2025-03-28 13:38:44,818 INFO     ___FILE_ONLY___ ═
2025-03-28 13:38:44,820 INFO     ___FILE_ONLY___ ═
2025-03-28 13:38:44,822 INFO     ___FILE_ONLY___ ═
2025-03-28 13:38:44,823 INFO     ___FILE_ONLY___ ═
2025-03-28 13:38:44,825 INFO     ___FILE_ONLY___ ═
2025-03-28 13:38:44,827 INFO     ___FILE_ONLY___ ═
2025-03-28 13:38:44,829 INFO     ___FILE_ONLY___ ═
2025-03-28 13:38:44,831 INFO     ___FILE_ONLY___ ═
2025-03-28 13:38:44,833 INFO     ___FILE_ONLY___ ═
2025-03-28 13:38:44,835 INFO     ___FILE_ONLY___ ═
2025-03-28 13:38:44,837 INFO     ___FILE_ONLY___ ═
2025-03-28 13:38:44,839 INFO     ___FILE_ONLY___ ═
2025-03-28 13:38:44,841 INFO     ___FILE_ONLY___ ═
2025-03-28 13:38:44,843 INFO     ___FILE_ONLY___ ═
2025-03-28 13:38:44,845 INFO     ___FILE_ONLY___ ═
2025-03-28 13:38:44,847 INFO     ___FILE_ONLY___ ═
2025-03-28 13:38:44,849 INFO     ___FILE_ONLY___ ═
2025-03-28 13:38:44,851 INFO     ___FILE_ONLY___ ═
2025-03-28 13:38:44,852 INFO     ___FILE_ONLY___ ═
2025-03-28 13:38:44,854 INFO     ___FILE_ONLY___ ═
2025-03-28 13:38:44,856 INFO     ___FILE_ONLY___ ═
2025-03-28 13:38:44,858 INFO     ___FILE_ONLY___ ═
2025-03-28 13:38:44,860 INFO     ___FILE_ONLY___ ═
2025-03-28 13:38:44,862 INFO     ___FILE_ONLY___ ═
2025-03-28 13:38:44,864 INFO     ___FILE_ONLY___ ═
2025-03-28 13:38:44,866 INFO     ___FILE_ONLY___ ═
2025-03-28 13:38:44,868 INFO     ___FILE_ONLY___ ═
2025-03-28 13:38:44,870 INFO     ___FILE_ONLY___ ═
2025-03-28 13:38:44,872 INFO     ___FILE_ONLY___ ═
2025-03-28 13:38:44,874 INFO     ___FILE_ONLY___ ═
2025-03-28 13:38:44,876 INFO     ___FILE_ONLY___ ═
2025-03-28 13:38:44,878 INFO     ___FILE_ONLY___ ═
2025-03-28 13:38:44,880 INFO     ___FILE_ONLY___ ═
2025-03-28 13:38:44,882 INFO     ___FILE_ONLY___ ═
2025-03-28 13:38:44,884 INFO     ___FILE_ONLY___ ═
2025-03-28 13:38:44,886 INFO     ___FILE_ONLY___ ═
2025-03-28 13:38:44,888 INFO     ___FILE_ONLY___ ═
2025-03-28 13:38:44,890 INFO     ___FILE_ONLY___ ═
2025-03-28 13:38:44,893 INFO     ___FILE_ONLY___ ═
2025-03-28 13:38:44,895 INFO     ___FILE_ONLY___ ═
2025-03-28 13:38:44,897 INFO     ___FILE_ONLY___ ═
2025-03-28 13:38:44,898 INFO     ___FILE_ONLY___ ═
2025-03-28 13:38:44,901 INFO     ___FILE_ONLY___ ═
2025-03-28 13:38:44,903 INFO     ___FILE_ONLY___ ═
2025-03-28 13:38:44,905 INFO     ___FILE_ONLY___ ═
2025-03-28 13:38:44,907 INFO     ___FILE_ONLY___ ═
2025-03-28 13:38:44,908 INFO     ___FILE_ONLY___ ═
2025-03-28 13:38:44,910 INFO     ___FILE_ONLY___ ═
2025-03-28 13:38:44,912 INFO     ___FILE_ONLY___ ═
2025-03-28 13:38:44,914 INFO     ___FILE_ONLY___ ═
2025-03-28 13:38:44,916 INFO     ___FILE_ONLY___ ═
2025-03-28 13:38:44,918 INFO     ___FILE_ONLY___ ═
2025-03-28 13:38:44,919 INFO     ___FILE_ONLY___ ╝

2025-03-28 13:38:44,921 INFO     ___FILE_ONLY___ ╔════════════════════════════════════════════════════════════╗

2025-03-28 13:38:44,921 INFO     ___FILE_ONLY___ ╠═ Downloading: Cloud Storage Command Line Tool             ═╣

2025-03-28 13:38:44,921 INFO     ___FILE_ONLY___ ╚
2025-03-28 13:38:44,925 DEBUG    urllib3.connectionpool Starting new HTTPS connection (1): dl.google.com:443
2025-03-28 13:38:44,970 DEBUG    urllib3.connectionpool https://dl.google.com:443 "GET /dl/cloudsdk/channels/rapid/components/google-cloud-sdk-gsutil-20241213184646.tar.gz HTTP/11" 200 12368759
2025-03-28 13:38:45,027 INFO     ___FILE_ONLY___ ═
2025-03-28 13:38:45,028 INFO     ___FILE_ONLY___ ═
2025-03-28 13:38:45,028 INFO     ___FILE_ONLY___ ═
2025-03-28 13:38:45,028 INFO     ___FILE_ONLY___ ═
2025-03-28 13:38:45,029 INFO     ___FILE_ONLY___ ═
2025-03-28 13:38:45,029 INFO     ___FILE_ONLY___ ═
2025-03-28 13:38:45,029 INFO     ___FILE_ONLY___ ═
2025-03-28 13:38:45,030 INFO     ___FILE_ONLY___ ═
2025-03-28 13:38:45,030 INFO     ___FILE_ONLY___ ═
2025-03-28 13:38:45,030 INFO     ___FILE_ONLY___ ═
2025-03-28 13:38:45,031 INFO     ___FILE_ONLY___ ═
2025-03-28 13:38:45,031 INFO     ___FILE_ONLY___ ═
2025-03-28 13:38:45,031 INFO     ___FILE_ONLY___ ═
2025-03-28 13:38:45,032 INFO     ___FILE_ONLY___ ═
2025-03-28 13:38:45,032 INFO     ___FILE_ONLY___ ═
2025-03-28 13:38:45,032 INFO     ___FILE_ONLY___ ═
2025-03-28 13:38:45,032 INFO     ___FILE_ONLY___ ═
2025-03-28 13:38:45,033 INFO     ___FILE_ONLY___ ═
2025-03-28 13:38:45,033 INFO     ___FILE_ONLY___ ═
2025-03-28 13:38:45,033 INFO     ___FILE_ONLY___ ═
2025-03-28 13:38:45,034 INFO     ___FILE_ONLY___ ═
2025-03-28 13:38:45,034 INFO     ___FILE_ONLY___ ═
2025-03-28 13:38:45,034 INFO     ___FILE_ONLY___ ═
2025-03-28 13:38:45,035 INFO     ___FILE_ONLY___ ═
2025-03-28 13:38:45,035 INFO     ___FILE_ONLY___ ═
2025-03-28 13:38:45,035 INFO     ___FILE_ONLY___ ═
2025-03-28 13:38:45,036 INFO     ___FILE_ONLY___ ═
2025-03-28 13:38:45,036 INFO     ___FILE_ONLY___ ═
2025-03-28 13:38:45,036 INFO     ___FILE_ONLY___ ═
2025-03-28 13:38:45,036 INFO     ___FILE_ONLY___ ═
2025-03-28 13:38:45,037 INFO     ___FILE_ONLY___ ═
2025-03-28 13:38:45,037 INFO     ___FILE_ONLY___ ═
2025-03-28 13:38:45,037 INFO     ___FILE_ONLY___ ═
2025-03-28 13:38:45,038 INFO     ___FILE_ONLY___ ═
2025-03-28 13:38:45,038 INFO     ___FILE_ONLY___ ═
2025-03-28 13:38:45,038 INFO     ___FILE_ONLY___ ═
2025-03-28 13:38:45,039 INFO     ___FILE_ONLY___ ═
2025-03-28 13:38:45,039 INFO     ___FILE_ONLY___ ═
2025-03-28 13:38:45,039 INFO     ___FILE_ONLY___ ═
2025-03-28 13:38:45,040 INFO     ___FILE_ONLY___ ═
2025-03-28 13:38:45,040 INFO     ___FILE_ONLY___ ═
2025-03-28 13:38:45,041 INFO     ___FILE_ONLY___ ═
2025-03-28 13:38:45,041 INFO     ___FILE_ONLY___ ═
2025-03-28 13:38:45,041 INFO     ___FILE_ONLY___ ═
2025-03-28 13:38:45,042 INFO     ___FILE_ONLY___ ═
2025-03-28 13:38:45,042 INFO     ___FILE_ONLY___ ═
2025-03-28 13:38:45,043 INFO     ___FILE_ONLY___ ═
2025-03-28 13:38:45,043 INFO     ___FILE_ONLY___ ═
2025-03-28 13:38:45,043 INFO     ___FILE_ONLY___ ═
2025-03-28 13:38:45,044 INFO     ___FILE_ONLY___ ═
2025-03-28 13:38:45,044 INFO     ___FILE_ONLY___ ═
2025-03-28 13:38:45,045 INFO     ___FILE_ONLY___ ═
2025-03-28 13:38:45,045 INFO     ___FILE_ONLY___ ═
2025-03-28 13:38:45,046 INFO     ___FILE_ONLY___ ═
2025-03-28 13:38:45,046 INFO     ___FILE_ONLY___ ═
2025-03-28 13:38:45,047 INFO     ___FILE_ONLY___ ═
2025-03-28 13:38:45,048 INFO     ___FILE_ONLY___ ═
2025-03-28 13:38:45,048 INFO     ___FILE_ONLY___ ═
2025-03-28 13:38:45,048 INFO     ___FILE_ONLY___ ═
2025-03-28 13:38:45,049 INFO     ___FILE_ONLY___ ═
2025-03-28 13:38:45,049 INFO     ___FILE_ONLY___ ╝

2025-03-28 13:38:45,052 INFO     ___FILE_ONLY___ ╔════════════════════════════════════════════════════════════╗

2025-03-28 13:38:45,052 INFO     ___FILE_ONLY___ ╠═ Downloading: Cloud Storage Command Line Tool (Platfor... ═╣

2025-03-28 13:38:45,052 INFO     ___FILE_ONLY___ ╚
2025-03-28 13:38:45,056 DEBUG    urllib3.connectionpool Starting new HTTPS connection (1): dl.google.com:443
2025-03-28 13:38:45,066 DEBUG    urllib3.connectionpool https://dl.google.com:443 "GET /dl/cloudsdk/channels/rapid/components/google-cloud-sdk-gsutil-nix-20240830134514.tar.gz HTTP/11" 200 1928
2025-03-28 13:38:45,067 INFO     ___FILE_ONLY___ ════════════════════════════════════════════════════════════
2025-03-28 13:38:45,067 INFO     ___FILE_ONLY___ ╝

2025-03-28 13:38:45,069 INFO     ___FILE_ONLY___ ╔════════════════════════════════════════════════════════════╗

2025-03-28 13:38:45,069 INFO     ___FILE_ONLY___ ╠═ Downloading: Default set of gcloud commands              ═╣

2025-03-28 13:38:45,069 INFO     ___FILE_ONLY___ ╚
2025-03-28 13:38:45,069 INFO     ___FILE_ONLY___ ════════════════════════════════════════════════════════════
2025-03-28 13:38:45,069 INFO     ___FILE_ONLY___ ╝

2025-03-28 13:38:45,071 INFO     ___FILE_ONLY___ ╔════════════════════════════════════════════════════════════╗

2025-03-28 13:38:45,071 INFO     ___FILE_ONLY___ ╠═ Downloading: Google Cloud CLI Core Libraries (Platfor... ═╣

2025-03-28 13:38:45,071 INFO     ___FILE_ONLY___ ╚
2025-03-28 13:38:45,074 DEBUG    urllib3.connectionpool Starting new HTTPS connection (1): dl.google.com:443
2025-03-28 13:38:45,084 DEBUG    urllib3.connectionpool https://dl.google.com:443 "GET /dl/cloudsdk/channels/rapid/components/google-cloud-sdk-core-nix-20240830134514.tar.gz HTTP/11" 200 2306
2025-03-28 13:38:45,084 INFO     ___FILE_ONLY___ ════════════════════════════════════════════════════════════
2025-03-28 13:38:45,085 INFO     ___FILE_ONLY___ ╝

2025-03-28 13:38:45,086 INFO     ___FILE_ONLY___ ╔════════════════════════════════════════════════════════════╗

2025-03-28 13:38:45,087 INFO     ___FILE_ONLY___ ╠═ Downloading: Google Cloud CRC32C Hash Tool               ═╣

2025-03-28 13:38:45,087 INFO     ___FILE_ONLY___ ╚
2025-03-28 13:38:45,087 INFO     ___FILE_ONLY___ ════════════════════════════════════════════════════════════
2025-03-28 13:38:45,087 INFO     ___FILE_ONLY___ ╝

2025-03-28 13:38:45,089 INFO     ___FILE_ONLY___ ╔════════════════════════════════════════════════════════════╗

2025-03-28 13:38:45,089 INFO     ___FILE_ONLY___ ╠═ Downloading: Google Cloud CRC32C Hash Tool (Platform ... ═╣

2025-03-28 13:38:45,089 INFO     ___FILE_ONLY___ ╚
2025-03-28 13:38:45,092 DEBUG    urllib3.connectionpool Starting new HTTPS connection (1): dl.google.com:443
2025-03-28 13:38:45,106 DEBUG    urllib3.connectionpool https://dl.google.com:443 "GET /dl/cloudsdk/channels/rapid/components/google-cloud-sdk-gcloud-crc32c-linux-x86_64-20250110133808.tar.gz HTTP/11" 200 1478989
2025-03-28 13:38:45,118 INFO     ___FILE_ONLY___ ═
2025-03-28 13:38:45,118 INFO     ___FILE_ONLY___ ═
2025-03-28 13:38:45,118 INFO     ___FILE_ONLY___ ═
2025-03-28 13:38:45,118 INFO     ___FILE_ONLY___ ═
2025-03-28 13:38:45,118 INFO     ___FILE_ONLY___ ═
2025-03-28 13:38:45,118 INFO     ___FILE_ONLY___ ═
2025-03-28 13:38:45,118 INFO     ___FILE_ONLY___ ═
2025-03-28 13:38:45,119 INFO     ___FILE_ONLY___ ═
2025-03-28 13:38:45,119 INFO     ___FILE_ONLY___ ═
2025-03-28 13:38:45,119 INFO     ___FILE_ONLY___ ═
2025-03-28 13:38:45,119 INFO     ___FILE_ONLY___ ═
2025-03-28 13:38:45,119 INFO     ___FILE_ONLY___ ═
2025-03-28 13:38:45,119 INFO     ___FILE_ONLY___ ═
2025-03-28 13:38:45,119 INFO     ___FILE_ONLY___ ═
2025-03-28 13:38:45,119 INFO     ___FILE_ONLY___ ═
2025-03-28 13:38:45,120 INFO     ___FILE_ONLY___ ═
2025-03-28 13:38:45,120 INFO     ___FILE_ONLY___ ═
2025-03-28 13:38:45,120 INFO     ___FILE_ONLY___ ═
2025-03-28 13:38:45,120 INFO     ___FILE_ONLY___ ═
2025-03-28 13:38:45,120 INFO     ___FILE_ONLY___ ═
2025-03-28 13:38:45,120 INFO     ___FILE_ONLY___ ═
2025-03-28 13:38:45,120 INFO     ___FILE_ONLY___ ═
2025-03-28 13:38:45,120 INFO     ___FILE_ONLY___ ═
2025-03-28 13:38:45,120 INFO     ___FILE_ONLY___ ═
2025-03-28 13:38:45,120 INFO     ___FILE_ONLY___ ═
2025-03-28 13:38:45,121 INFO     ___FILE_ONLY___ ═
2025-03-28 13:38:45,121 INFO     ___FILE_ONLY___ ═
2025-03-28 13:38:45,121 INFO     ___FILE_ONLY___ ═
2025-03-28 13:38:45,121 INFO     ___FILE_ONLY___ ═
2025-03-28 13:38:45,121 INFO     ___FILE_ONLY___ ═
2025-03-28 13:38:45,121 INFO     ___FILE_ONLY___ ═
2025-03-28 13:38:45,121 INFO     ___FILE_ONLY___ ═
2025-03-28 13:38:45,121 INFO     ___FILE_ONLY___ ═
2025-03-28 13:38:45,121 INFO     ___FILE_ONLY___ ═
2025-03-28 13:38:45,121 INFO     ___FILE_ONLY___ ═
2025-03-28 13:38:45,122 INFO     ___FILE_ONLY___ ═
2025-03-28 13:38:45,122 INFO     ___FILE_ONLY___ ═
2025-03-28 13:38:45,122 INFO     ___FILE_ONLY___ ═
2025-03-28 13:38:45,122 INFO     ___FILE_ONLY___ ═
2025-03-28 13:38:45,122 INFO     ___FILE_ONLY___ ═
2025-03-28 13:38:45,122 INFO     ___FILE_ONLY___ ═
2025-03-28 13:38:45,122 INFO     ___FILE_ONLY___ ═
2025-03-28 13:38:45,122 INFO     ___FILE_ONLY___ ═
2025-03-28 13:38:45,123 INFO     ___FILE_ONLY___ ═
2025-03-28 13:38:45,123 INFO     ___FILE_ONLY___ ═
2025-03-28 13:38:45,123 INFO     ___FILE_ONLY___ ═
2025-03-28 13:38:45,123 INFO     ___FILE_ONLY___ ═
2025-03-28 13:38:45,123 INFO     ___FILE_ONLY___ ═
2025-03-28 13:38:45,123 INFO     ___FILE_ONLY___ ═
2025-03-28 13:38:45,123 INFO     ___FILE_ONLY___ ═
2025-03-28 13:38:45,123 INFO     ___FILE_ONLY___ ═
2025-03-28 13:38:45,123 INFO     ___FILE_ONLY___ ═
2025-03-28 13:38:45,123 INFO     ___FILE_ONLY___ ═
2025-03-28 13:38:45,124 INFO     ___FILE_ONLY___ ═
2025-03-28 13:38:45,124 INFO     ___FILE_ONLY___ ═
2025-03-28 13:38:45,124 INFO     ___FILE_ONLY___ ═
2025-03-28 13:38:45,124 INFO     ___FILE_ONLY___ ═
2025-03-28 13:38:45,124 INFO     ___FILE_ONLY___ ═
2025-03-28 13:38:45,124 INFO     ___FILE_ONLY___ ═
2025-03-28 13:38:45,124 INFO     ___FILE_ONLY___ ═
2025-03-28 13:38:45,124 INFO     ___FILE_ONLY___ ╝

2025-03-28 13:38:45,127 INFO     ___FILE_ONLY___ ╔════════════════════════════════════════════════════════════╗

2025-03-28 13:38:45,127 INFO     ___FILE_ONLY___ ╠═ Downloading: gcloud cli dependencies (Platform Specific) ═╣

2025-03-28 13:38:45,127 INFO     ___FILE_ONLY___ ╚
2025-03-28 13:38:45,130 DEBUG    urllib3.connectionpool Starting new HTTPS connection (1): dl.google.com:443
2025-03-28 13:38:45,144 DEBUG    urllib3.connectionpool https://dl.google.com:443 "GET /dl/cloudsdk/channels/rapid/components/google-cloud-sdk-gcloud-deps-linux-x86_64-20210416153011.tar.gz HTTP/11" 200 104
2025-03-28 13:38:45,147 INFO     ___FILE_ONLY___ ════════════════════════════════════════════════════════════
2025-03-28 13:38:45,147 INFO     ___FILE_ONLY___ ╝

2025-03-28 13:38:45,149 INFO     ___FILE_ONLY___ ╔════════════════════════════════════════════════════════════╗

2025-03-28 13:38:45,149 INFO     ___FILE_ONLY___ ╠═ Installing: BigQuery Command Line Tool                   ═╣

2025-03-28 13:38:45,149 INFO     ___FILE_ONLY___ ╚
2025-03-28 13:38:45,243 INFO     ___FILE_ONLY___ ═
2025-03-28 13:38:45,246 INFO     ___FILE_ONLY___ ═
2025-03-28 13:38:45,249 INFO     ___FILE_ONLY___ ═
2025-03-28 13:38:45,251 INFO     ___FILE_ONLY___ ═
2025-03-28 13:38:45,254 INFO     ___FILE_ONLY___ ═
2025-03-28 13:38:45,257 INFO     ___FILE_ONLY___ ═
2025-03-28 13:38:45,259 INFO     ___FILE_ONLY___ ═
2025-03-28 13:38:45,262 INFO     ___FILE_ONLY___ ═
2025-03-28 13:38:45,265 INFO     ___FILE_ONLY___ ═
2025-03-28 13:38:45,268 INFO     ___FILE_ONLY___ ═
2025-03-28 13:38:45,270 INFO     ___FILE_ONLY___ ═
2025-03-28 13:38:45,272 INFO     ___FILE_ONLY___ ═
2025-03-28 13:38:45,276 INFO     ___FILE_ONLY___ ═
2025-03-28 13:38:45,278 INFO     ___FILE_ONLY___ ═
2025-03-28 13:38:45,281 INFO     ___FILE_ONLY___ ═
2025-03-28 13:38:45,283 INFO     ___FILE_ONLY___ ═
2025-03-28 13:38:45,285 INFO     ___FILE_ONLY___ ═
2025-03-28 13:38:45,287 INFO     ___FILE_ONLY___ ═
2025-03-28 13:38:45,291 INFO     ___FILE_ONLY___ ═
2025-03-28 13:38:45,294 INFO     ___FILE_ONLY___ ═
2025-03-28 13:38:45,296 INFO     ___FILE_ONLY___ ═
2025-03-28 13:38:45,299 INFO     ___FILE_ONLY___ ═
2025-03-28 13:38:45,301 INFO     ___FILE_ONLY___ ═
2025-03-28 13:38:45,303 INFO     ___FILE_ONLY___ ═
2025-03-28 13:38:45,305 INFO     ___FILE_ONLY___ ═
2025-03-28 13:38:45,307 INFO     ___FILE_ONLY___ ═
2025-03-28 13:38:45,310 INFO     ___FILE_ONLY___ ═
2025-03-28 13:38:45,312 INFO     ___FILE_ONLY___ ═
2025-03-28 13:38:45,316 INFO     ___FILE_ONLY___ ═
2025-03-28 13:38:45,318 INFO     ___FILE_ONLY___ ═
2025-03-28 13:38:45,321 INFO     ___FILE_ONLY___ ═
2025-03-28 13:38:45,323 INFO     ___FILE_ONLY___ ═
2025-03-28 13:38:45,326 INFO     ___FILE_ONLY___ ═
2025-03-28 13:38:45,329 INFO     ___FILE_ONLY___ ═
2025-03-28 13:38:45,337 INFO     ___FILE_ONLY___ ═
2025-03-28 13:38:45,344 INFO     ___FILE_ONLY___ ═
2025-03-28 13:38:45,349 INFO     ___FILE_ONLY___ ═
2025-03-28 13:38:45,352 INFO     ___FILE_ONLY___ ═
2025-03-28 13:38:45,355 INFO     ___FILE_ONLY___ ═
2025-03-28 13:38:45,358 INFO     ___FILE_ONLY___ ═
2025-03-28 13:38:45,360 INFO     ___FILE_ONLY___ ═
2025-03-28 13:38:45,363 INFO     ___FILE_ONLY___ ═
2025-03-28 13:38:45,368 INFO     ___FILE_ONLY___ ═
2025-03-28 13:38:45,370 INFO     ___FILE_ONLY___ ═
2025-03-28 13:38:45,374 INFO     ___FILE_ONLY___ ═
2025-03-28 13:38:45,376 INFO     ___FILE_ONLY___ ═
2025-03-28 13:38:45,378 INFO     ___FILE_ONLY___ ═
2025-03-28 13:38:45,380 INFO     ___FILE_ONLY___ ═
2025-03-28 13:38:45,383 INFO     ___FILE_ONLY___ ═
2025-03-28 13:38:45,385 INFO     ___FILE_ONLY___ ═
2025-03-28 13:38:45,388 INFO     ___FILE_ONLY___ ═
2025-03-28 13:38:45,390 INFO     ___FILE_ONLY___ ═
2025-03-28 13:38:45,391 INFO     ___FILE_ONLY___ ═
2025-03-28 13:38:45,394 INFO     ___FILE_ONLY___ ═
2025-03-28 13:38:45,396 INFO     ___FILE_ONLY___ ═
2025-03-28 13:38:45,398 INFO     ___FILE_ONLY___ ═
2025-03-28 13:38:45,400 INFO     ___FILE_ONLY___ ═
2025-03-28 13:38:45,403 INFO     ___FILE_ONLY___ ═
2025-03-28 13:38:45,405 INFO     ___FILE_ONLY___ ═
2025-03-28 13:38:45,407 INFO     ___FILE_ONLY___ ═
2025-03-28 13:38:45,407 INFO     ___FILE_ONLY___ ╝

2025-03-28 13:38:45,416 INFO     ___FILE_ONLY___ ╔════════════════════════════════════════════════════════════╗

2025-03-28 13:38:45,416 INFO     ___FILE_ONLY___ ╠═ Installing: BigQuery Command Line Tool (Platform Spec... ═╣

2025-03-28 13:38:45,416 INFO     ___FILE_ONLY___ ╚
2025-03-28 13:38:45,417 INFO     ___FILE_ONLY___ ════════════════════════════════════════════════════════════
2025-03-28 13:38:45,418 INFO     ___FILE_ONLY___ ╝

2025-03-28 13:38:45,422 INFO     ___FILE_ONLY___ ╔════════════════════════════════════════════════════════════╗

2025-03-28 13:38:45,422 INFO     ___FILE_ONLY___ ╠═ Installing: Bundled Python 3.12                          ═╣

2025-03-28 13:38:45,422 INFO     ___FILE_ONLY___ ╚
2025-03-28 13:38:45,427 INFO     ___FILE_ONLY___ ════════════════════════════════════════════════════════════
2025-03-28 13:38:45,427 INFO     ___FILE_ONLY___ ╝

2025-03-28 13:38:45,429 INFO     ___FILE_ONLY___ ╔════════════════════════════════════════════════════════════╗

2025-03-28 13:38:45,429 INFO     ___FILE_ONLY___ ╠═ Installing: Bundled Python 3.12 (Platform Specific)      ═╣

2025-03-28 13:38:45,429 INFO     ___FILE_ONLY___ ╚
2025-03-28 13:38:48,585 INFO     ___FILE_ONLY___ ═
2025-03-28 13:38:49,105 INFO     ___FILE_ONLY___ ═
2025-03-28 13:38:49,126 INFO     ___FILE_ONLY___ ═
2025-03-28 13:38:49,162 INFO     ___FILE_ONLY___ ═
2025-03-28 13:38:49,184 INFO     ___FILE_ONLY___ ═
2025-03-28 13:38:49,199 INFO     ___FILE_ONLY___ ═
2025-03-28 13:38:49,230 INFO     ___FILE_ONLY___ ═
2025-03-28 13:38:49,250 INFO     ___FILE_ONLY___ ═
2025-03-28 13:38:49,270 INFO     ___FILE_ONLY___ ═
2025-03-28 13:38:49,287 INFO     ___FILE_ONLY___ ═
2025-03-28 13:38:49,303 INFO     ___FILE_ONLY___ ═
2025-03-28 13:38:49,329 INFO     ___FILE_ONLY___ ═
2025-03-28 13:38:49,471 INFO     ___FILE_ONLY___ ═
2025-03-28 13:38:49,488 INFO     ___FILE_ONLY___ ═
2025-03-28 13:38:49,504 INFO     ___FILE_ONLY___ ═
2025-03-28 13:38:49,520 INFO     ___FILE_ONLY___ ═
2025-03-28 13:38:49,534 INFO     ___FILE_ONLY___ ═
2025-03-28 13:38:49,551 INFO     ___FILE_ONLY___ ═
2025-03-28 13:38:49,569 INFO     ___FILE_ONLY___ ═
2025-03-28 13:38:49,590 INFO     ___FILE_ONLY___ ═
2025-03-28 13:38:49,606 INFO     ___FILE_ONLY___ ═
2025-03-28 13:38:49,702 INFO     ___FILE_ONLY___ ═
2025-03-28 13:38:49,724 INFO     ___FILE_ONLY___ ═
2025-03-28 13:38:50,228 INFO     ___FILE_ONLY___ ═
2025-03-28 13:38:50,244 INFO     ___FILE_ONLY___ ═
2025-03-28 13:38:50,258 INFO     ___FILE_ONLY___ ═
2025-03-28 13:38:50,270 INFO     ___FILE_ONLY___ ═
2025-03-28 13:38:50,283 INFO     ___FILE_ONLY___ ═
2025-03-28 13:38:50,295 INFO     ___FILE_ONLY___ ═
2025-03-28 13:38:50,306 INFO     ___FILE_ONLY___ ═
2025-03-28 13:38:50,319 INFO     ___FILE_ONLY___ ═
2025-03-28 13:38:50,330 INFO     ___FILE_ONLY___ ═
2025-03-28 13:38:50,341 INFO     ___FILE_ONLY___ ═
2025-03-28 13:38:50,353 INFO     ___FILE_ONLY___ ═
2025-03-28 13:38:50,365 INFO     ___FILE_ONLY___ ═
2025-03-28 13:38:50,378 INFO     ___FILE_ONLY___ ═
2025-03-28 13:38:50,389 INFO     ___FILE_ONLY___ ═
2025-03-28 13:38:50,401 INFO     ___FILE_ONLY___ ═
2025-03-28 13:38:50,413 INFO     ___FILE_ONLY___ ═
2025-03-28 13:38:50,426 INFO     ___FILE_ONLY___ ═
2025-03-28 13:38:50,438 INFO     ___FILE_ONLY___ ═
2025-03-28 13:38:50,450 INFO     ___FILE_ONLY___ ═
2025-03-28 13:38:50,462 INFO     ___FILE_ONLY___ ═
2025-03-28 13:38:50,474 INFO     ___FILE_ONLY___ ═
2025-03-28 13:38:50,486 INFO     ___FILE_ONLY___ ═
2025-03-28 13:38:50,498 INFO     ___FILE_ONLY___ ═
2025-03-28 13:38:50,510 INFO     ___FILE_ONLY___ ═
2025-03-28 13:38:50,522 INFO     ___FILE_ONLY___ ═
2025-03-28 13:38:50,535 INFO     ___FILE_ONLY___ ═
2025-03-28 13:38:50,547 INFO     ___FILE_ONLY___ ═
2025-03-28 13:38:50,559 INFO     ___FILE_ONLY___ ═
2025-03-28 13:38:50,571 INFO     ___FILE_ONLY___ ═
2025-03-28 13:38:50,583 INFO     ___FILE_ONLY___ ═
2025-03-28 13:38:50,594 INFO     ___FILE_ONLY___ ═
2025-03-28 13:38:50,607 INFO     ___FILE_ONLY___ ═
2025-03-28 13:38:50,619 INFO     ___FILE_ONLY___ ═
2025-03-28 13:38:50,631 INFO     ___FILE_ONLY___ ═
2025-03-28 13:38:50,644 INFO     ___FILE_ONLY___ ═
2025-03-28 13:38:50,656 INFO     ___FILE_ONLY___ ═
2025-03-28 13:38:50,668 INFO     ___FILE_ONLY___ ═
2025-03-28 13:38:50,668 INFO     ___FILE_ONLY___ ╝

2025-03-28 13:38:50,729 INFO     ___FILE_ONLY___ ╔════════════════════════════════════════════════════════════╗

2025-03-28 13:38:50,729 INFO     ___FILE_ONLY___ ╠═ Installing: Cloud Storage Command Line Tool              ═╣

2025-03-28 13:38:50,729 INFO     ___FILE_ONLY___ ╚
2025-03-28 13:38:51,260 INFO     ___FILE_ONLY___ ═
2025-03-28 13:38:51,277 INFO     ___FILE_ONLY___ ═
2025-03-28 13:38:51,298 INFO     ___FILE_ONLY___ ═
2025-03-28 13:38:51,313 INFO     ___FILE_ONLY___ ═
2025-03-28 13:38:51,328 INFO     ___FILE_ONLY___ ═
2025-03-28 13:38:51,340 INFO     ___FILE_ONLY___ ═
2025-03-28 13:38:51,353 INFO     ___FILE_ONLY___ ═
2025-03-28 13:38:51,366 INFO     ___FILE_ONLY___ ═
2025-03-28 13:38:51,380 INFO     ___FILE_ONLY___ ═
2025-03-28 13:38:51,393 INFO     ___FILE_ONLY___ ═
2025-03-28 13:38:51,405 INFO     ___FILE_ONLY___ ═
2025-03-28 13:38:51,417 INFO     ___FILE_ONLY___ ═
2025-03-28 13:38:51,426 INFO     ___FILE_ONLY___ ═
2025-03-28 13:38:51,435 INFO     ___FILE_ONLY___ ═
2025-03-28 13:38:51,445 INFO     ___FILE_ONLY___ ═
2025-03-28 13:38:51,455 INFO     ___FILE_ONLY___ ═
2025-03-28 13:38:51,466 INFO     ___FILE_ONLY___ ═
2025-03-28 13:38:51,476 INFO     ___FILE_ONLY___ ═
2025-03-28 13:38:51,487 INFO     ___FILE_ONLY___ ═
2025-03-28 13:38:51,498 INFO     ___FILE_ONLY___ ═
2025-03-28 13:38:51,510 INFO     ___FILE_ONLY___ ═
2025-03-28 13:38:51,524 INFO     ___FILE_ONLY___ ═
2025-03-28 13:38:51,540 INFO     ___FILE_ONLY___ ═
2025-03-28 13:38:51,551 INFO     ___FILE_ONLY___ ═
2025-03-28 13:38:51,565 INFO     ___FILE_ONLY___ ═
2025-03-28 13:38:51,582 INFO     ___FILE_ONLY___ ═
2025-03-28 13:38:51,601 INFO     ___FILE_ONLY___ ═
2025-03-28 13:38:51,621 INFO     ___FILE_ONLY___ ═
2025-03-28 13:38:51,639 INFO     ___FILE_ONLY___ ═
2025-03-28 13:38:51,661 INFO     ___FILE_ONLY___ ═
2025-03-28 13:38:51,673 INFO     ___FILE_ONLY___ ═
2025-03-28 13:38:51,685 INFO     ___FILE_ONLY___ ═
2025-03-28 13:38:51,705 INFO     ___FILE_ONLY___ ═
2025-03-28 13:38:51,719 INFO     ___FILE_ONLY___ ═
2025-03-28 13:38:51,731 INFO     ___FILE_ONLY___ ═
2025-03-28 13:38:51,742 INFO     ___FILE_ONLY___ ═
2025-03-28 13:38:51,754 INFO     ___FILE_ONLY___ ═
2025-03-28 13:38:51,766 INFO     ___FILE_ONLY___ ═
2025-03-28 13:38:51,778 INFO     ___FILE_ONLY___ ═
2025-03-28 13:38:51,790 INFO     ___FILE_ONLY___ ═
2025-03-28 13:38:51,801 INFO     ___FILE_ONLY___ ═
2025-03-28 13:38:51,816 INFO     ___FILE_ONLY___ ═
2025-03-28 13:38:51,827 INFO     ___FILE_ONLY___ ═
2025-03-28 13:38:51,841 INFO     ___FILE_ONLY___ ═
2025-03-28 13:38:51,859 INFO     ___FILE_ONLY___ ═
2025-03-28 13:38:51,872 INFO     ___FILE_ONLY___ ═
2025-03-28 13:38:51,881 INFO     ___FILE_ONLY___ ═
2025-03-28 13:38:51,894 INFO     ___FILE_ONLY___ ═
2025-03-28 13:38:51,904 INFO     ___FILE_ONLY___ ═
2025-03-28 13:38:51,917 INFO     ___FILE_ONLY___ ═
2025-03-28 13:38:51,934 INFO     ___FILE_ONLY___ ═
2025-03-28 13:38:51,946 INFO     ___FILE_ONLY___ ═
2025-03-28 13:38:51,961 INFO     ___FILE_ONLY___ ═
2025-03-28 13:38:51,974 INFO     ___FILE_ONLY___ ═
2025-03-28 13:38:52,010 INFO     ___FILE_ONLY___ ═
2025-03-28 13:38:52,019 INFO     ___FILE_ONLY___ ═
2025-03-28 13:38:52,029 INFO     ___FILE_ONLY___ ═
2025-03-28 13:38:52,039 INFO     ___FILE_ONLY___ ═
2025-03-28 13:38:52,050 INFO     ___FILE_ONLY___ ═
2025-03-28 13:38:52,064 INFO     ___FILE_ONLY___ ═
2025-03-28 13:38:52,064 INFO     ___FILE_ONLY___ ╝

2025-03-28 13:38:52,097 INFO     ___FILE_ONLY___ ╔════════════════════════════════════════════════════════════╗

2025-03-28 13:38:52,098 INFO     ___FILE_ONLY___ ╠═ Installing: Cloud Storage Command Line Tool (Platform... ═╣

2025-03-28 13:38:52,098 INFO     ___FILE_ONLY___ ╚
2025-03-28 13:38:52,099 INFO     ___FILE_ONLY___ ════════════════════════════════════════════════════════════
2025-03-28 13:38:52,099 INFO     ___FILE_ONLY___ ╝

2025-03-28 13:38:52,103 INFO     ___FILE_ONLY___ ╔════════════════════════════════════════════════════════════╗

2025-03-28 13:38:52,103 INFO     ___FILE_ONLY___ ╠═ Installing: Default set of gcloud commands               ═╣

2025-03-28 13:38:52,104 INFO     ___FILE_ONLY___ ╚
2025-03-28 13:38:52,106 INFO     ___FILE_ONLY___ ════════════════════════════════════════════════════════════
2025-03-28 13:38:52,106 INFO     ___FILE_ONLY___ ╝

2025-03-28 13:38:52,108 INFO     ___FILE_ONLY___ ╔════════════════════════════════════════════════════════════╗

2025-03-28 13:38:52,108 INFO     ___FILE_ONLY___ ╠═ Installing: Google Cloud CLI Core Libraries (Platform... ═╣

2025-03-28 13:38:52,108 INFO     ___FILE_ONLY___ ╚
2025-03-28 13:38:52,109 INFO     ___FILE_ONLY___ ══════════════════════════════
2025-03-28 13:38:52,110 INFO     ___FILE_ONLY___ ══════════════════════════════
2025-03-28 13:38:52,110 INFO     ___FILE_ONLY___ ╝

2025-03-28 13:38:52,114 INFO     ___FILE_ONLY___ ╔════════════════════════════════════════════════════════════╗

2025-03-28 13:38:52,114 INFO     ___FILE_ONLY___ ╠═ Installing: Google Cloud CRC32C Hash Tool                ═╣

2025-03-28 13:38:52,114 INFO     ___FILE_ONLY___ ╚
2025-03-28 13:38:52,116 INFO     ___FILE_ONLY___ ════════════════════════════════════════════════════════════
2025-03-28 13:38:52,116 INFO     ___FILE_ONLY___ ╝

2025-03-28 13:38:52,118 INFO     ___FILE_ONLY___ ╔════════════════════════════════════════════════════════════╗

2025-03-28 13:38:52,119 INFO     ___FILE_ONLY___ ╠═ Installing: Google Cloud CRC32C Hash Tool (Platform S... ═╣

2025-03-28 13:38:52,119 INFO     ___FILE_ONLY___ ╚
2025-03-28 13:38:52,159 INFO     ___FILE_ONLY___ ══════════════════════════════
2025-03-28 13:38:52,159 INFO     ___FILE_ONLY___ ══════════════════════════════
2025-03-28 13:38:52,159 INFO     ___FILE_ONLY___ ╝

2025-03-28 13:38:52,165 INFO     ___FILE_ONLY___ ╔════════════════════════════════════════════════════════════╗

2025-03-28 13:38:52,165 INFO     ___FILE_ONLY___ ╠═ Installing: gcloud cli dependencies (Platform Specific)  ═╣

2025-03-28 13:38:52,165 INFO     ___FILE_ONLY___ ╚
2025-03-28 13:38:52,166 INFO     ___FILE_ONLY___ ════════════════════════════════════════════════════════════
2025-03-28 13:38:52,166 INFO     ___FILE_ONLY___ ╝

2025-03-28 13:38:52,171 DEBUG    root            Updating notification cache...
2025-03-28 13:38:52,172 INFO     ___FILE_ONLY___ 

2025-03-28 13:38:52,174 INFO     ___FILE_ONLY___ Performing post processing steps...
2025-03-28 13:38:52,174 DEBUG    root            Executing command: ['/tools/google-cloud-sdk/bin/gcloud', 'components', 'post-process']
2025-03-28 13:39:00,964 DEBUG    ___FILE_ONLY___ 
2025-03-28 13:39:00,964 DEBUG    ___FILE_ONLY___ 
2025-03-28 13:39:01,201 INFO     root            descriptor_list: [{'universeDomain': 'googleapis.com', 'universeShortName': '', 'authenticationDomain': 'auth.cloud.google.com', 'projectPrefix': '', 'cloudWebDomain': 'cloud.google.com', 'documentationDomain': 'cloud.google.com', 'version': '1.0.0', 'state': 'primary', 'artifactRegistryDomain': 'pkg.dev'}]
2025-03-28 13:39:01,201 INFO     ___FILE_ONLY___ 
Update done!


2025-03-28 13:39:01,204 DEBUG    root            Chosen display Format:none
2025-03-28 13:39:01,204 INFO     root            Display format: "none"
